<?xml version="1.0" encoding="UTF-8"?>
<testng-results skipped="0" failed="1" ignored="0" total="2" passed="1">
  <reporter-output>
  </reporter-output>
  <suite name="Default suite" duration-ms="14405" started-at="2022-10-18T18:08:26Z" finished-at="2022-10-18T18:08:41Z">
    <groups>
    </groups>
    <test name="Default test" duration-ms="14405" started-at="2022-10-18T18:08:26Z" finished-at="2022-10-18T18:08:41Z">
      <class name="testNG.LoginTest">
        <test-method status="PASS" signature="readConfig()[pri:0, instance:testNG.LoginTest@475530b9]" name="readConfig" is-config="true" duration-ms="13" started-at="2022-10-18T13:08:26Z" finished-at="2022-10-18T13:08:26Z">
          <reporter-output>
          </reporter-output>
        </test-method> <!-- readConfig -->
        <test-method status="PASS" signature="init()[pri:0, instance:testNG.LoginTest@475530b9]" name="init" is-config="true" duration-ms="3933" started-at="2022-10-18T13:08:26Z" finished-at="2022-10-18T13:08:30Z">
          <reporter-output>
          </reporter-output>
        </test-method> <!-- init -->
        <test-method status="PASS" signature="loginTest()[pri:1, instance:testNG.LoginTest@475530b9]" name="loginTest" duration-ms="1374" started-at="2022-10-18T13:08:30Z" finished-at="2022-10-18T13:08:31Z">
          <reporter-output>
          </reporter-output>
        </test-method> <!-- loginTest -->
        <test-method status="PASS" signature="init()[pri:0, instance:testNG.LoginTest@475530b9]" name="init" is-config="true" duration-ms="2600" started-at="2022-10-18T13:08:31Z" finished-at="2022-10-18T13:08:34Z">
          <reporter-output>
          </reporter-output>
        </test-method> <!-- init -->
        <test-method status="FAIL" signature="addCustomer()[pri:2, instance:testNG.LoginTest@475530b9]" name="addCustomer" duration-ms="6451" started-at="2022-10-18T13:08:34Z" finished-at="2022-10-18T13:08:41Z">
          <exception class="org.openqa.selenium.support.ui.UnexpectedTagNameException">
            <message>
              <![CDATA[Element should have been "select" but was "span"
Build info: version: '3.141.59', revision: 'e82be7d358', time: '2018-11-14T08:17:03'
System info: host: 'DESKTOP-B7ELS4L', ip: '192.168.1.202', os.name: 'Windows 10', os.arch: 'amd64', os.version: '10.0', java.version: '1.8.0_333'
Driver info: driver.version: unknown]]>
            </message>
            <full-stacktrace>
              <![CDATA[org.openqa.selenium.support.ui.UnexpectedTagNameException: Element should have been "select" but was "span"
Build info: version: '3.141.59', revision: 'e82be7d358', time: '2018-11-14T08:17:03'
System info: host: 'DESKTOP-B7ELS4L', ip: '192.168.1.202', os.name: 'Windows 10', os.arch: 'amd64', os.version: '10.0', java.version: '1.8.0_333'
Driver info: driver.version: unknown
	at org.openqa.selenium.support.ui.Select.<init>(Select.java:48)
	at testNG.LoginTest.selectFromDropdown(LoginTest.java:136)
	at testNG.LoginTest.addCustomer(LoginTest.java:115)
	at sun.reflect.NativeMethodAccessorImpl.invoke0(Native Method)
	at sun.reflect.NativeMethodAccessorImpl.invoke(Unknown Source)
	at sun.reflect.DelegatingMethodAccessorImpl.invoke(Unknown Source)
	at java.lang.reflect.Method.invoke(Unknown Source)
	at org.testng.internal.MethodInvocationHelper.invokeMethod(MethodInvocationHelper.java:108)
	at org.testng.internal.Invoker.invokeMethod(Invoker.java:661)
	at org.testng.internal.Invoker.invokeTestMethod(Invoker.java:869)
	at org.testng.internal.Invoker.invokeTestMethods(Invoker.java:1193)
	at org.testng.internal.TestMethodWorker.invokeTestMethods(TestMethodWorker.java:126)
	at org.testng.internal.TestMethodWorker.run(TestMethodWorker.java:109)
	at org.testng.TestRunner.privateRun(TestRunner.java:744)
	at org.testng.TestRunner.run(TestRunner.java:602)
	at org.testng.SuiteRunner.runTest(SuiteRunner.java:380)
	at org.testng.SuiteRunner.runSequentially(SuiteRunner.java:375)
	at org.testng.SuiteRunner.privateRun(SuiteRunner.java:340)
	at org.testng.SuiteRunner.run(SuiteRunner.java:289)
	at org.testng.SuiteRunnerWorker.runSuite(SuiteRunnerWorker.java:52)
	at org.testng.SuiteRunnerWorker.run(SuiteRunnerWorker.java:86)
	at org.testng.TestNG.runSuitesSequentially(TestNG.java:1301)
	at org.testng.TestNG.runSuitesLocally(TestNG.java:1226)
	at org.testng.TestNG.runSuites(TestNG.java:1144)
	at org.testng.TestNG.run(TestNG.java:1115)
	at org.testng.remote.AbstractRemoteTestNG.run(AbstractRemoteTestNG.java:132)
	at org.testng.remote.RemoteTestNG.initAndRun(RemoteTestNG.java:230)
	at org.testng.remote.RemoteTestNG.main(RemoteTestNG.java:76)
]]>
            </full-stacktrace>
          </exception> <!-- org.openqa.selenium.support.ui.UnexpectedTagNameException -->
          <reporter-output>
          </reporter-output>
        </test-method> <!-- addCustomer -->
      </class> <!-- testNG.LoginTest -->
    </test> <!-- Default test -->
  </suite> <!-- Default suite -->
</testng-results>
